goos: linux
goarch: amd64
pkg: github.com/Leopold1975/validation
cpu: 11th Gen Intel(R) Core(TM) i5-11400H @ 2.70GHz
              │ leopold_mem.out │ govalidator_mem.out │
              │     sec/op      │    sec/op     vs base   │
Validate-12        185.9µ ± 15%
GoValidate-12                      1.144m ± 3%
geomean            185.9µ          1.144m       ? ¹ ²
¹ benchmark set differs from baseline; geomeans may not be comparable
² ratios must be >0 to compute geomean

              │ leopold_mem.out │ govalidator_mem.out │
              │      B/op       │     B/op      vs base   │
Validate-12        83.24Ki ± 0%
GoValidate-12                     343.0Ki ± 0%
geomean            83.24Ki        343.0Ki       ? ¹ ²
¹ benchmark set differs from baseline; geomeans may not be comparable
² ratios must be >0 to compute geomean

              │ leopold_mem.out │ govalidator_mem.out │
              │    allocs/op    │  allocs/op    vs base   │
Validate-12         3.042k ± 0%
GoValidate-12                      15.82k ± 0%
geomean             3.042k         15.82k       ? ¹ ²
¹ benchmark set differs from baseline; geomeans may not be comparable
² ratios must be >0 to compute geomean
